<?xml version="1.0" encoding="UTF-8"?>
<!-- Generated by org.testng.reporters.JUnitReportReporter -->
<testsuite hostname="Rajanis-MacBook-Air.local" name="com.appium.sample.apidemo.APIDemoTests" tests="2" failures="0" timestamp="17 Apr 2017 23:55:21 GMT" time="7.426" errors="0">
  <testcase name="testPageTitle" time="0.269" classname="com.appium.sample.apidemo.APIDemoTests"/>
  <testcase name="testClickAccessibility" time="7.157" classname="com.appium.sample.apidemo.APIDemoTests"/>
</testsuite> <!-- com.appium.sample.apidemo.APIDemoTests -->
