<?xml version="1.0" encoding="UTF-8"?>
<!-- Generated by org.testng.reporters.JUnitReportReporter -->
<testsuite hostname="Rajanis-MacBook-Air.local" name="com.appium.sample.apidemo.tests.APIDemoTests" tests="6" failures="0" timestamp="19 Apr 2017 19:11:06 GMT" time="50.150" errors="0">
  <testcase name="testAccessibilitySettingsUsingDataProvider" time="11.672" classname="com.appium.sample.apidemo.tests.APIDemoTests"/>
  <testcase name="testAccessibilitySettingsUsingDataProvider" time="10.126" classname="com.appium.sample.apidemo.tests.APIDemoTests"/>
  <testcase name="testPageTitle" time="0.149" classname="com.appium.sample.apidemo.tests.APIDemoTests"/>
  <testcase name="testClickAccessibility" time="7.203" classname="com.appium.sample.apidemo.tests.APIDemoTests"/>
  <testcase name="testAccessibilitySettingsValueForTitle" time="10.480" classname="com.appium.sample.apidemo.tests.APIDemoTests"/>
  <testcase name="testAccessibilitySettingsUsingDataProvider" time="10.520" classname="com.appium.sample.apidemo.tests.APIDemoTests"/>
</testsuite> <!-- com.appium.sample.apidemo.tests.APIDemoTests -->
