<?xml version="1.0" encoding="UTF-8"?>
<!-- Generated by org.testng.reporters.JUnitReportReporter -->
<testsuite hostname="Rajanis-MacBook-Air.local" name="com.appium.sample.apidemo.tests.APIDemoTests" tests="2" failures="0" timestamp="18 Apr 2017 23:02:06 GMT" time="7.019" errors="0">
  <testcase name="testPageTitle" time="0.141" classname="com.appium.sample.apidemo.tests.APIDemoTests"/>
  <testcase name="testClickAccessibility" time="6.878" classname="com.appium.sample.apidemo.tests.APIDemoTests"/>
</testsuite> <!-- com.appium.sample.apidemo.tests.APIDemoTests -->
