<?xml version="1.0" encoding="UTF-8"?>
<!-- Generated by org.testng.reporters.JUnitReportReporter -->
<testsuite hostname="Rajanis-MacBook-Air.local" name="com.appium.sample.apidemo.tests.APIDemoTests" tests="6" failures="0" timestamp="21 Apr 2017 04:44:48 GMT" time="50.070" errors="0">
  <testcase name="testAccessibilitySettingsUsingDataProvider" time="11.493" classname="com.appium.sample.apidemo.tests.APIDemoTests"/>
  <testcase name="testAccessibilitySettingsUsingDataProvider" time="11.003" classname="com.appium.sample.apidemo.tests.APIDemoTests"/>
  <testcase name="testAccessibilitySettingsValueForTitle" time="10.164" classname="com.appium.sample.apidemo.tests.APIDemoTests"/>
  <testcase name="testAccessibilitySettingsUsingDataProvider" time="9.990" classname="com.appium.sample.apidemo.tests.APIDemoTests"/>
  <testcase name="testClickAccessibility" time="7.273" classname="com.appium.sample.apidemo.tests.APIDemoTests"/>
  <testcase name="testPageTitle" time="0.147" classname="com.appium.sample.apidemo.tests.APIDemoTests"/>
</testsuite> <!-- com.appium.sample.apidemo.tests.APIDemoTests -->
