<?xml version="1.0" encoding="UTF-8"?>
<!-- Generated by org.testng.reporters.JUnitReportReporter -->
<testsuite hostname="Rajanis-MacBook-Air.local" name="com.appium.sample.apidemo.APIDemoTests" tests="2" failures="0" timestamp="18 Apr 2017 00:05:29 GMT" time="6.910" errors="0">
  <testcase name="testPageTitle" time="0.180" classname="com.appium.sample.apidemo.APIDemoTests"/>
  <testcase name="testClickAccessibility" time="6.730" classname="com.appium.sample.apidemo.APIDemoTests"/>
</testsuite> <!-- com.appium.sample.apidemo.APIDemoTests -->
